<?xml version="1.0" encoding="UTF-8"?>
<!-- Generated by org.testng.reporters.JUnitXMLReporter -->
<testsuite ignored="0" hostname="LAPTOP-KQD2HIRQ" failures="0" tests="4" name="Default test" time="0.053" errors="0" timestamp="2022-11-28T01:32:48 IST">
  <testcase classname="TestOne.DataProviderEgFour" name="addition" time="0.007"/>
  <testcase classname="TestOne.DataProviderEgFour" name="addition" time="0.001"/>
  <testcase classname="TestOne.DataProviderEgFour" name="subtratcion" time="0.002"/>
  <testcase classname="TestOne.DataProviderEgFour" name="subtratcion" time="0.001"/>
</testsuite> <!-- Default test -->
