<?xml version="1.0" encoding="UTF-8"?>
<!-- Generated by org.testng.reporters.JUnitXMLReporter -->
<testsuite ignored="0" hostname="LAPTOP-KQD2HIRQ" failures="0" tests="4" name="Default test" time="104.934" errors="0" timestamp="2022-12-31T00:35:04 IST">
  <testcase classname="testNGAssignmentPrograms.AssgOne" name="verifyTheLoginCredentialsAreValidOrNot" time="3.904"/>
  <testcase classname="testNGAssignmentPrograms.AssgOne" name="verifyTheLoginCredentialsAreInvalidOrNot" time="4.453"/>
  <testcase classname="testNGAssignmentPrograms.AssgOne" name="verifyTheDashboardPageIsDisplayedAfterLoginOrNot" time="3.28"/>
  <testcase classname="testNGAssignmentPrograms.AssgOne" name="verifyAdminIsDisplayedInSystemUsersOrNot" time="6.956"/>
</testsuite> <!-- Default test -->
