<?xml version="1.0" encoding="UTF-8"?>
<testng-results ignored="0" total="4" passed="4" failed="0" skipped="0">
  <reporter-output>
  </reporter-output>
  <suite started-at="2022-12-31T00:33:19 IST" name="Default suite" finished-at="2022-12-31T00:35:04 IST" duration-ms="104934">
    <groups>
    </groups>
    <test started-at="2022-12-31T00:33:19 IST" name="Default test" finished-at="2022-12-31T00:35:04 IST" duration-ms="104934">
      <class name="testNGAssignmentPrograms.AssgOne">
        <test-method is-config="true" signature="beforeMethod()[pri:0, instance:testNGAssignmentPrograms.AssgOne@4ec4f3a0]" started-at="2022-12-31T00:33:19 IST" name="beforeMethod" finished-at="2022-12-31T00:33:56 IST" duration-ms="37041" status="PASS">
          <reporter-output>
          </reporter-output>
        </test-method> <!-- beforeMethod -->
        <test-method signature="verifyTheLoginCredentialsAreValidOrNot()[pri:1, instance:testNGAssignmentPrograms.AssgOne@4ec4f3a0]" started-at="2022-12-31T00:33:56 IST" name="verifyTheLoginCredentialsAreValidOrNot" finished-at="2022-12-31T00:34:00 IST" duration-ms="3904" status="PASS">
          <reporter-output>
          </reporter-output>
        </test-method> <!-- verifyTheLoginCredentialsAreValidOrNot -->
        <test-method is-config="true" signature="afterMethod()[pri:0, instance:testNGAssignmentPrograms.AssgOne@4ec4f3a0]" started-at="2022-12-31T00:34:00 IST" name="afterMethod" finished-at="2022-12-31T00:34:00 IST" duration-ms="261" status="PASS">
          <reporter-output>
          </reporter-output>
        </test-method> <!-- afterMethod -->
        <test-method is-config="true" signature="beforeMethod()[pri:0, instance:testNGAssignmentPrograms.AssgOne@4ec4f3a0]" started-at="2022-12-31T00:34:00 IST" name="beforeMethod" finished-at="2022-12-31T00:34:16 IST" duration-ms="15282" status="PASS">
          <reporter-output>
          </reporter-output>
        </test-method> <!-- beforeMethod -->
        <test-method signature="verifyTheLoginCredentialsAreInvalidOrNot()[pri:2, instance:testNGAssignmentPrograms.AssgOne@4ec4f3a0]" started-at="2022-12-31T00:34:16 IST" name="verifyTheLoginCredentialsAreInvalidOrNot" finished-at="2022-12-31T00:34:20 IST" duration-ms="4453" status="PASS">
          <reporter-output>
          </reporter-output>
        </test-method> <!-- verifyTheLoginCredentialsAreInvalidOrNot -->
        <test-method is-config="true" signature="afterMethod()[pri:0, instance:testNGAssignmentPrograms.AssgOne@4ec4f3a0]" started-at="2022-12-31T00:34:20 IST" name="afterMethod" finished-at="2022-12-31T00:34:20 IST" duration-ms="230" status="PASS">
          <reporter-output>
          </reporter-output>
        </test-method> <!-- afterMethod -->
        <test-method is-config="true" signature="beforeMethod()[pri:0, instance:testNGAssignmentPrograms.AssgOne@4ec4f3a0]" started-at="2022-12-31T00:34:20 IST" name="beforeMethod" finished-at="2022-12-31T00:34:37 IST" duration-ms="16195" status="PASS">
          <reporter-output>
          </reporter-output>
        </test-method> <!-- beforeMethod -->
        <test-method signature="verifyTheDashboardPageIsDisplayedAfterLoginOrNot()[pri:3, instance:testNGAssignmentPrograms.AssgOne@4ec4f3a0]" started-at="2022-12-31T00:34:37 IST" name="verifyTheDashboardPageIsDisplayedAfterLoginOrNot" finished-at="2022-12-31T00:34:40 IST" duration-ms="3280" status="PASS">
          <reporter-output>
          </reporter-output>
        </test-method> <!-- verifyTheDashboardPageIsDisplayedAfterLoginOrNot -->
        <test-method is-config="true" signature="afterMethod()[pri:0, instance:testNGAssignmentPrograms.AssgOne@4ec4f3a0]" started-at="2022-12-31T00:34:40 IST" name="afterMethod" finished-at="2022-12-31T00:34:40 IST" duration-ms="258" status="PASS">
          <reporter-output>
          </reporter-output>
        </test-method> <!-- afterMethod -->
        <test-method is-config="true" signature="beforeMethod()[pri:0, instance:testNGAssignmentPrograms.AssgOne@4ec4f3a0]" started-at="2022-12-31T00:34:40 IST" name="beforeMethod" finished-at="2022-12-31T00:34:57 IST" duration-ms="16841" status="PASS">
          <reporter-output>
          </reporter-output>
        </test-method> <!-- beforeMethod -->
        <test-method signature="verifyAdminIsDisplayedInSystemUsersOrNot()[pri:4, instance:testNGAssignmentPrograms.AssgOne@4ec4f3a0]" started-at="2022-12-31T00:34:57 IST" name="verifyAdminIsDisplayedInSystemUsersOrNot" finished-at="2022-12-31T00:35:04 IST" duration-ms="6956" status="PASS">
          <reporter-output>
          </reporter-output>
        </test-method> <!-- verifyAdminIsDisplayedInSystemUsersOrNot -->
        <test-method is-config="true" signature="afterMethod()[pri:0, instance:testNGAssignmentPrograms.AssgOne@4ec4f3a0]" started-at="2022-12-31T00:35:04 IST" name="afterMethod" finished-at="2022-12-31T00:35:04 IST" duration-ms="189" status="PASS">
          <reporter-output>
          </reporter-output>
        </test-method> <!-- afterMethod -->
      </class> <!-- testNGAssignmentPrograms.AssgOne -->
    </test> <!-- Default test -->
  </suite> <!-- Default suite -->
</testng-results>
