<?xml version="1.0" encoding="UTF-8"?>
<testng-results ignored="0" total="4" passed="4" failed="0" skipped="0">
  <reporter-output>
  </reporter-output>
  <suite started-at="2022-11-28T01:32:48 IST" name="Default suite" finished-at="2022-11-28T01:32:48 IST" duration-ms="53">
    <groups>
    </groups>
    <test started-at="2022-11-28T01:32:48 IST" name="Default test" finished-at="2022-11-28T01:32:48 IST" duration-ms="53">
      <class name="TestOne.DataProviderEgFour">
        <test-method signature="addition(java.lang.Integer,java.lang.Integer)[pri:1, instance:TestOne.DataProviderEgFour@7e07db1f]" started-at="2022-11-28T01:32:48 IST" name="addition" data-provider="dpOne" finished-at="2022-11-28T01:32:48 IST" duration-ms="7" status="PASS">
          <params>
            <param index="0">
              <value>
                <![CDATA[55]]>
              </value>
            </param>
            <param index="1">
              <value>
                <![CDATA[66]]>
              </value>
            </param>
          </params>
          <reporter-output>
          </reporter-output>
        </test-method> <!-- addition -->
        <test-method signature="addition(java.lang.Integer,java.lang.Integer)[pri:1, instance:TestOne.DataProviderEgFour@7e07db1f]" started-at="2022-11-28T01:32:48 IST" name="addition" data-provider="dpOne" finished-at="2022-11-28T01:32:48 IST" duration-ms="1" status="PASS">
          <params>
            <param index="0">
              <value>
                <![CDATA[33]]>
              </value>
            </param>
            <param index="1">
              <value>
                <![CDATA[88]]>
              </value>
            </param>
          </params>
          <reporter-output>
          </reporter-output>
        </test-method> <!-- addition -->
        <test-method signature="subtratcion(java.lang.Integer,java.lang.Integer)[pri:2, instance:TestOne.DataProviderEgFour@7e07db1f]" started-at="2022-11-28T01:32:48 IST" name="subtratcion" data-provider="dpTwo" finished-at="2022-11-28T01:32:48 IST" duration-ms="2" status="PASS">
          <params>
            <param index="0">
              <value>
                <![CDATA[22]]>
              </value>
            </param>
            <param index="1">
              <value>
                <![CDATA[77]]>
              </value>
            </param>
          </params>
          <reporter-output>
          </reporter-output>
        </test-method> <!-- subtratcion -->
        <test-method signature="subtratcion(java.lang.Integer,java.lang.Integer)[pri:2, instance:TestOne.DataProviderEgFour@7e07db1f]" started-at="2022-11-28T01:32:48 IST" name="subtratcion" data-provider="dpTwo" finished-at="2022-11-28T01:32:48 IST" duration-ms="1" status="PASS">
          <params>
            <param index="0">
              <value>
                <![CDATA[99]]>
              </value>
            </param>
            <param index="1">
              <value>
                <![CDATA[11]]>
              </value>
            </param>
          </params>
          <reporter-output>
          </reporter-output>
        </test-method> <!-- subtratcion -->
      </class> <!-- TestOne.DataProviderEgFour -->
    </test> <!-- Default test -->
  </suite> <!-- Default suite -->
</testng-results>
